

Started GET "/" for 127.0.0.1 at 2014-03-21 10:16:31 -0500

RuntimeError (Could not load database configuration. No such file - /Users/kylemerklein/Desktop/Website/Bender/config/database.yml):
  railties (4.0.3) lib/rails/application/configuration.rb:110:in `database_configuration'
  activerecord (4.0.3) lib/active_record/railtie.rb:175:in `block (2 levels) in <class:Railtie>'
  activesupport (4.0.3) lib/active_support/lazy_load_hooks.rb:38:in `instance_eval'
  activesupport (4.0.3) lib/active_support/lazy_load_hooks.rb:38:in `execute_hook'
  activesupport (4.0.3) lib/active_support/lazy_load_hooks.rb:45:in `block in run_load_hooks'
  activesupport (4.0.3) lib/active_support/lazy_load_hooks.rb:44:in `each'
  activesupport (4.0.3) lib/active_support/lazy_load_hooks.rb:44:in `run_load_hooks'
  activerecord (4.0.3) lib/active_record/base.rb:322:in `<module:ActiveRecord>'
  activerecord (4.0.3) lib/active_record/base.rb:22:in `<top (required)>'
  activesupport (4.0.3) lib/active_support/dependencies.rb:229:in `require'
  activesupport (4.0.3) lib/active_support/dependencies.rb:229:in `block in require'
  activesupport (4.0.3) lib/active_support/dependencies.rb:214:in `load_dependency'
  activesupport (4.0.3) lib/active_support/dependencies.rb:229:in `require'
  activerecord (4.0.3) lib/active_record/schema_migration.rb:3:in `<top (required)>'
  activerecord (4.0.3) lib/active_record/migration.rb:783:in `schema_migrations_table_name'
  activerecord (4.0.3) lib/active_record/migration.rb:791:in `current_version'
  activerecord (4.0.3) lib/active_record/migration.rb:800:in `needs_migration?'
  activerecord (4.0.3) lib/active_record/migration.rb:379:in `check_pending!'
  activerecord (4.0.3) lib/active_record/migration.rb:366:in `call'
  actionpack (4.0.3) lib/action_dispatch/middleware/callbacks.rb:29:in `block in call'
  activesupport (4.0.3) lib/active_support/callbacks.rb:373:in `_run__2848261013314754461__call__callbacks'
  activesupport (4.0.3) lib/active_support/callbacks.rb:80:in `run_callbacks'
  actionpack (4.0.3) lib/action_dispatch/middleware/callbacks.rb:27:in `call'
  actionpack (4.0.3) lib/action_dispatch/middleware/reloader.rb:64:in `call'
  actionpack (4.0.3) lib/action_dispatch/middleware/remote_ip.rb:76:in `call'
  actionpack (4.0.3) lib/action_dispatch/middleware/debug_exceptions.rb:17:in `call'
  actionpack (4.0.3) lib/action_dispatch/middleware/show_exceptions.rb:30:in `call'
  railties (4.0.3) lib/rails/rack/logger.rb:38:in `call_app'
  railties (4.0.3) lib/rails/rack/logger.rb:20:in `block in call'
  activesupport (4.0.3) lib/active_support/tagged_logging.rb:67:in `block in tagged'
  activesupport (4.0.3) lib/active_support/tagged_logging.rb:25:in `tagged'
  activesupport (4.0.3) lib/active_support/tagged_logging.rb:67:in `tagged'
  railties (4.0.3) lib/rails/rack/logger.rb:20:in `call'
  actionpack (4.0.3) lib/action_dispatch/middleware/request_id.rb:21:in `call'
  rack (1.5.2) lib/rack/methodoverride.rb:21:in `call'
  rack (1.5.2) lib/rack/runtime.rb:17:in `call'
  activesupport (4.0.3) lib/active_support/cache/strategy/local_cache.rb:83:in `call'
  rack (1.5.2) lib/rack/lock.rb:17:in `call'
  actionpack (4.0.3) lib/action_dispatch/middleware/static.rb:64:in `call'
  rack (1.5.2) lib/rack/sendfile.rb:112:in `call'
  railties (4.0.3) lib/rails/engine.rb:511:in `call'
  railties (4.0.3) lib/rails/application.rb:97:in `call'
  rack (1.5.2) lib/rack/lock.rb:17:in `call'
  rack (1.5.2) lib/rack/content_length.rb:14:in `call'
  rack (1.5.2) lib/rack/handler/webrick.rb:60:in `service'
  /Users/kylemerklein/.rvm/rubies/ruby-2.0.0-p451/lib/ruby/2.0.0/webrick/httpserver.rb:138:in `service'
  /Users/kylemerklein/.rvm/rubies/ruby-2.0.0-p451/lib/ruby/2.0.0/webrick/httpserver.rb:94:in `run'
  /Users/kylemerklein/.rvm/rubies/ruby-2.0.0-p451/lib/ruby/2.0.0/webrick/server.rb:295:in `block in start_thread'


  Rendered /Users/kylemerklein/.rvm/gems/ruby-2.0.0-p451@railstutorial_rails_4_0/gems/actionpack-4.0.3/lib/action_dispatch/middleware/templates/rescues/_source.erb (0.5ms)
  Rendered /Users/kylemerklein/.rvm/gems/ruby-2.0.0-p451@railstutorial_rails_4_0/gems/actionpack-4.0.3/lib/action_dispatch/middleware/templates/rescues/_trace.erb (1.0ms)
  Rendered /Users/kylemerklein/.rvm/gems/ruby-2.0.0-p451@railstutorial_rails_4_0/gems/actionpack-4.0.3/lib/action_dispatch/middleware/templates/rescues/_request_and_response.erb (0.9ms)
  Rendered /Users/kylemerklein/.rvm/gems/ruby-2.0.0-p451@railstutorial_rails_4_0/gems/actionpack-4.0.3/lib/action_dispatch/middleware/templates/rescues/diagnostics.erb within rescues/layout (18.2ms)


Started GET "/" for 127.0.0.1 at 2014-03-21 10:17:47 -0500

RuntimeError (Could not load database configuration. No such file - /Users/kylemerklein/Desktop/Website/Bender/config/database.yml):
  railties (4.0.3) lib/rails/application/configuration.rb:110:in `database_configuration'
  activerecord (4.0.3) lib/active_record/railtie.rb:175:in `block (2 levels) in <class:Railtie>'
  activesupport (4.0.3) lib/active_support/lazy_load_hooks.rb:38:in `instance_eval'
  activesupport (4.0.3) lib/active_support/lazy_load_hooks.rb:38:in `execute_hook'
  activesupport (4.0.3) lib/active_support/lazy_load_hooks.rb:45:in `block in run_load_hooks'
  activesupport (4.0.3) lib/active_support/lazy_load_hooks.rb:44:in `each'
  activesupport (4.0.3) lib/active_support/lazy_load_hooks.rb:44:in `run_load_hooks'
  activerecord (4.0.3) lib/active_record/base.rb:322:in `<module:ActiveRecord>'
  activerecord (4.0.3) lib/active_record/base.rb:22:in `<top (required)>'
  activesupport (4.0.3) lib/active_support/dependencies.rb:229:in `require'
  activesupport (4.0.3) lib/active_support/dependencies.rb:229:in `block in require'
  activesupport (4.0.3) lib/active_support/dependencies.rb:214:in `load_dependency'
  activesupport (4.0.3) lib/active_support/dependencies.rb:229:in `require'
  activerecord (4.0.3) lib/active_record/schema_migration.rb:3:in `<top (required)>'
  activerecord (4.0.3) lib/active_record/migration.rb:783:in `schema_migrations_table_name'
  activerecord (4.0.3) lib/active_record/migration.rb:791:in `current_version'
  activerecord (4.0.3) lib/active_record/migration.rb:800:in `needs_migration?'
  activerecord (4.0.3) lib/active_record/migration.rb:379:in `check_pending!'
  activerecord (4.0.3) lib/active_record/migration.rb:366:in `call'
  actionpack (4.0.3) lib/action_dispatch/middleware/callbacks.rb:29:in `block in call'
  activesupport (4.0.3) lib/active_support/callbacks.rb:373:in `_run__2848261013314754461__call__callbacks'
  activesupport (4.0.3) lib/active_support/callbacks.rb:80:in `run_callbacks'
  actionpack (4.0.3) lib/action_dispatch/middleware/callbacks.rb:27:in `call'
  actionpack (4.0.3) lib/action_dispatch/middleware/reloader.rb:64:in `call'
  actionpack (4.0.3) lib/action_dispatch/middleware/remote_ip.rb:76:in `call'
  actionpack (4.0.3) lib/action_dispatch/middleware/debug_exceptions.rb:17:in `call'
  actionpack (4.0.3) lib/action_dispatch/middleware/show_exceptions.rb:30:in `call'
  railties (4.0.3) lib/rails/rack/logger.rb:38:in `call_app'
  railties (4.0.3) lib/rails/rack/logger.rb:20:in `block in call'
  activesupport (4.0.3) lib/active_support/tagged_logging.rb:67:in `block in tagged'
  activesupport (4.0.3) lib/active_support/tagged_logging.rb:25:in `tagged'
  activesupport (4.0.3) lib/active_support/tagged_logging.rb:67:in `tagged'
  railties (4.0.3) lib/rails/rack/logger.rb:20:in `call'
  actionpack (4.0.3) lib/action_dispatch/middleware/request_id.rb:21:in `call'
  rack (1.5.2) lib/rack/methodoverride.rb:21:in `call'
  rack (1.5.2) lib/rack/runtime.rb:17:in `call'
  activesupport (4.0.3) lib/active_support/cache/strategy/local_cache.rb:83:in `call'
  rack (1.5.2) lib/rack/lock.rb:17:in `call'
  actionpack (4.0.3) lib/action_dispatch/middleware/static.rb:64:in `call'
  rack (1.5.2) lib/rack/sendfile.rb:112:in `call'
  railties (4.0.3) lib/rails/engine.rb:511:in `call'
  railties (4.0.3) lib/rails/application.rb:97:in `call'
  rack (1.5.2) lib/rack/lock.rb:17:in `call'
  rack (1.5.2) lib/rack/content_length.rb:14:in `call'
  rack (1.5.2) lib/rack/handler/webrick.rb:60:in `service'
  /Users/kylemerklein/.rvm/rubies/ruby-2.0.0-p451/lib/ruby/2.0.0/webrick/httpserver.rb:138:in `service'
  /Users/kylemerklein/.rvm/rubies/ruby-2.0.0-p451/lib/ruby/2.0.0/webrick/httpserver.rb:94:in `run'
  /Users/kylemerklein/.rvm/rubies/ruby-2.0.0-p451/lib/ruby/2.0.0/webrick/server.rb:295:in `block in start_thread'


  Rendered /Users/kylemerklein/.rvm/gems/ruby-2.0.0-p451@railstutorial_rails_4_0/gems/actionpack-4.0.3/lib/action_dispatch/middleware/templates/rescues/_source.erb (0.8ms)
  Rendered /Users/kylemerklein/.rvm/gems/ruby-2.0.0-p451@railstutorial_rails_4_0/gems/actionpack-4.0.3/lib/action_dispatch/middleware/templates/rescues/_trace.erb (1.1ms)
  Rendered /Users/kylemerklein/.rvm/gems/ruby-2.0.0-p451@railstutorial_rails_4_0/gems/actionpack-4.0.3/lib/action_dispatch/middleware/templates/rescues/_request_and_response.erb (1.0ms)
  Rendered /Users/kylemerklein/.rvm/gems/ruby-2.0.0-p451@railstutorial_rails_4_0/gems/actionpack-4.0.3/lib/action_dispatch/middleware/templates/rescues/diagnostics.erb within rescues/layout (15.6ms)
  [1m[36m (1.0ms)[0m  [1mCREATE TABLE "schema_migrations" ("version" varchar(255) NOT NULL) [0m
  [1m[35m (0.8ms)[0m  CREATE UNIQUE INDEX "unique_schema_migrations" ON "schema_migrations" ("version")
  [1m[36mActiveRecord::SchemaMigration Load (0.1ms)[0m  [1mSELECT "schema_migrations".* FROM "schema_migrations"[0m
Migrating to CreateUsers (20130311191400)
  [1m[35m (0.1ms)[0m  begin transaction
  [1m[36m (0.4ms)[0m  [1mCREATE TABLE "users" ("id" INTEGER PRIMARY KEY AUTOINCREMENT NOT NULL, "name" varchar(255), "email" varchar(255), "created_at" datetime, "updated_at" datetime) [0m
  [1m[35mSQL (0.2ms)[0m  INSERT INTO "schema_migrations" ("version") VALUES (?)  [["version", "20130311191400"]]
  [1m[36m (0.7ms)[0m  [1mcommit transaction[0m
Migrating to AddIndexToUsersEmail (20130311194153)
  [1m[35m (0.1ms)[0m  begin transaction
  [1m[36m (0.3ms)[0m  [1mCREATE UNIQUE INDEX "index_users_on_email" ON "users" ("email")[0m
  [1m[35mSQL (0.2ms)[0m  INSERT INTO "schema_migrations" ("version") VALUES (?)  [["version", "20130311194153"]]
  [1m[36m (0.6ms)[0m  [1mcommit transaction[0m
Migrating to AddPasswordDigestToUsers (20130311201841)
  [1m[35m (0.1ms)[0m  begin transaction
  [1m[36m (0.6ms)[0m  [1mALTER TABLE "users" ADD "password_digest" varchar(255)[0m
  [1m[35mSQL (0.1ms)[0m  INSERT INTO "schema_migrations" ("version") VALUES (?)  [["version", "20130311201841"]]
  [1m[36m (0.7ms)[0m  [1mcommit transaction[0m
Migrating to AddRememberTokenToUsers (20130314184954)
  [1m[35m (0.1ms)[0m  begin transaction
  [1m[36m (0.3ms)[0m  [1mALTER TABLE "users" ADD "remember_token" varchar(255)[0m
  [1m[35m (0.1ms)[0m  CREATE INDEX "index_users_on_remember_token" ON "users" ("remember_token")
  [1m[36mSQL (0.1ms)[0m  [1mINSERT INTO "schema_migrations" ("version") VALUES (?)[0m  [["version", "20130314184954"]]
  [1m[35m (0.5ms)[0m  commit transaction
Migrating to AddAdminToUsers (20130315015932)
  [1m[36m (0.1ms)[0m  [1mbegin transaction[0m
  [1m[35m (0.3ms)[0m  ALTER TABLE "users" ADD "admin" boolean
  [1m[36mSQL (0.1ms)[0m  [1mINSERT INTO "schema_migrations" ("version") VALUES (?)[0m  [["version", "20130315015932"]]
  [1m[35m (0.6ms)[0m  commit transaction
Migrating to CreateMicroposts (20130315175534)
  [1m[36m (0.1ms)[0m  [1mbegin transaction[0m
  [1m[35m (0.3ms)[0m  CREATE TABLE "microposts" ("id" INTEGER PRIMARY KEY AUTOINCREMENT NOT NULL, "content" varchar(255), "user_id" integer, "created_at" datetime, "updated_at" datetime) 
  [1m[36m (0.1ms)[0m  [1mCREATE INDEX "index_microposts_on_user_id_and_created_at" ON "microposts" ("user_id", "created_at")[0m
  [1m[35mSQL (0.1ms)[0m  INSERT INTO "schema_migrations" ("version") VALUES (?)  [["version", "20130315175534"]]
  [1m[36m (0.6ms)[0m  [1mcommit transaction[0m
Migrating to CreateRelationships (20130315230445)
  [1m[35m (0.1ms)[0m  begin transaction
  [1m[36m (0.5ms)[0m  [1mCREATE TABLE "relationships" ("id" INTEGER PRIMARY KEY AUTOINCREMENT NOT NULL, "follower_id" integer, "followed_id" integer, "created_at" datetime, "updated_at" datetime) [0m
  [1m[35m (0.2ms)[0m  CREATE INDEX "index_relationships_on_follower_id" ON "relationships" ("follower_id")
  [1m[36m (0.2ms)[0m  [1mCREATE INDEX "index_relationships_on_followed_id" ON "relationships" ("followed_id")[0m
  [1m[35m (0.6ms)[0m  CREATE UNIQUE INDEX "index_relationships_on_follower_id_and_followed_id" ON "relationships" ("follower_id", "followed_id")
  [1m[36mSQL (0.1ms)[0m  [1mINSERT INTO "schema_migrations" ("version") VALUES (?)[0m  [["version", "20130315230445"]]
  [1m[35m (0.7ms)[0m  commit transaction
  [1m[36mActiveRecord::SchemaMigration Load (0.1ms)[0m  [1mSELECT "schema_migrations".* FROM "schema_migrations"[0m
  [1m[36m (0.9ms)[0m  [1mCREATE TABLE "microposts" ("id" INTEGER PRIMARY KEY AUTOINCREMENT NOT NULL, "content" varchar(255), "user_id" integer, "created_at" datetime, "updated_at" datetime) [0m
  [1m[35m (0.7ms)[0m  CREATE INDEX "index_microposts_on_user_id_and_created_at" ON "microposts" ("user_id", "created_at")
  [1m[36m (0.8ms)[0m  [1mCREATE TABLE "relationships" ("id" INTEGER PRIMARY KEY AUTOINCREMENT NOT NULL, "follower_id" integer, "followed_id" integer, "created_at" datetime, "updated_at" datetime) [0m
  [1m[35m (1.0ms)[0m  CREATE INDEX "index_relationships_on_followed_id" ON "relationships" ("followed_id")
  [1m[36m (0.8ms)[0m  [1mCREATE UNIQUE INDEX "index_relationships_on_follower_id_and_followed_id" ON "relationships" ("follower_id", "followed_id")[0m
  [1m[35m (0.8ms)[0m  CREATE INDEX "index_relationships_on_follower_id" ON "relationships" ("follower_id")
  [1m[36m (0.8ms)[0m  [1mCREATE TABLE "users" ("id" INTEGER PRIMARY KEY AUTOINCREMENT NOT NULL, "name" varchar(255), "email" varchar(255), "created_at" datetime, "updated_at" datetime, "password_digest" varchar(255), "remember_token" varchar(255), "admin" boolean) [0m
  [1m[35m (0.8ms)[0m  CREATE UNIQUE INDEX "index_users_on_email" ON "users" ("email")
  [1m[36m (0.7ms)[0m  [1mCREATE INDEX "index_users_on_remember_token" ON "users" ("remember_token")[0m
  [1m[35m (0.7ms)[0m  CREATE TABLE "schema_migrations" ("version" varchar(255) NOT NULL) 
  [1m[36m (0.7ms)[0m  [1mCREATE UNIQUE INDEX "unique_schema_migrations" ON "schema_migrations" ("version")[0m
  [1m[35m (0.1ms)[0m  SELECT version FROM "schema_migrations"
  [1m[36m (0.7ms)[0m  [1mINSERT INTO "schema_migrations" (version) VALUES ('20130315230445')[0m
  [1m[35m (0.6ms)[0m  INSERT INTO "schema_migrations" (version) VALUES ('20130311191400')
  [1m[36m (0.7ms)[0m  [1mINSERT INTO "schema_migrations" (version) VALUES ('20130311194153')[0m
  [1m[35m (0.7ms)[0m  INSERT INTO "schema_migrations" (version) VALUES ('20130311201841')
  [1m[36m (0.7ms)[0m  [1mINSERT INTO "schema_migrations" (version) VALUES ('20130314184954')[0m
  [1m[35m (0.7ms)[0m  INSERT INTO "schema_migrations" (version) VALUES ('20130315015932')
  [1m[36m (0.7ms)[0m  [1mINSERT INTO "schema_migrations" (version) VALUES ('20130315175534')[0m


Started GET "/" for 127.0.0.1 at 2014-03-21 10:20:25 -0500
  [1m[36mActiveRecord::SchemaMigration Load (0.1ms)[0m  [1mSELECT "schema_migrations".* FROM "schema_migrations"[0m
Processing by StaticPagesController#home as HTML
  [1m[35mUser Load (0.1ms)[0m  SELECT "users".* FROM "users" WHERE "users"."remember_token" = '968bbfc7cf619c35f087731596364acea1a2c954' LIMIT 1
  [1m[36mCACHE (0.0ms)[0m  [1mSELECT "users".* FROM "users" WHERE "users"."remember_token" = '968bbfc7cf619c35f087731596364acea1a2c954' LIMIT 1[0m
  Rendered static_pages/home.html.erb within layouts/application (2.4ms)
  Rendered layouts/_shim.html.erb (0.4ms)
  [1m[35mCACHE (0.1ms)[0m  SELECT "users".* FROM "users" WHERE "users"."remember_token" = '968bbfc7cf619c35f087731596364acea1a2c954' LIMIT 1
  Rendered layouts/_header.html.erb (2.0ms)
  Rendered layouts/_footer.html.erb (0.6ms)
Completed 200 OK in 2552ms (Views: 2507.5ms | ActiveRecord: 0.4ms)


Started GET "/assets/custom.css?body=1" for 127.0.0.1 at 2014-03-21 10:20:27 -0500


Started GET "/assets/sessions.css?body=1" for 127.0.0.1 at 2014-03-21 10:20:27 -0500


Started GET "/assets/application.css?body=1" for 127.0.0.1 at 2014-03-21 10:20:27 -0500


Started GET "/assets/users.css?body=1" for 127.0.0.1 at 2014-03-21 10:20:27 -0500


Started GET "/assets/jquery.js?body=1" for 127.0.0.1 at 2014-03-21 10:20:27 -0500


Started GET "/assets/static_pages.css?body=1" for 127.0.0.1 at 2014-03-21 10:20:27 -0500


Started GET "/assets/jquery_ujs.js?body=1" for 127.0.0.1 at 2014-03-21 10:20:27 -0500


Started GET "/assets/turbolinks.js?body=1" for 127.0.0.1 at 2014-03-21 10:20:27 -0500


Started GET "/assets/bootstrap-transition.js?body=1" for 127.0.0.1 at 2014-03-21 10:20:27 -0500


Started GET "/assets/bootstrap-affix.js?body=1" for 127.0.0.1 at 2014-03-21 10:20:27 -0500


Started GET "/assets/bootstrap-alert.js?body=1" for 127.0.0.1 at 2014-03-21 10:20:27 -0500


Started GET "/assets/bootstrap-button.js?body=1" for 127.0.0.1 at 2014-03-21 10:20:27 -0500


Started GET "/assets/bootstrap-carousel.js?body=1" for 127.0.0.1 at 2014-03-21 10:20:27 -0500


Started GET "/assets/bootstrap-collapse.js?body=1" for 127.0.0.1 at 2014-03-21 10:20:27 -0500


Started GET "/assets/bootstrap-dropdown.js?body=1" for 127.0.0.1 at 2014-03-21 10:20:27 -0500


Started GET "/assets/bootstrap-modal.js?body=1" for 127.0.0.1 at 2014-03-21 10:20:27 -0500


Started GET "/assets/bootstrap-scrollspy.js?body=1" for 127.0.0.1 at 2014-03-21 10:20:27 -0500


Started GET "/assets/bootstrap-tab.js?body=1" for 127.0.0.1 at 2014-03-21 10:20:27 -0500


Started GET "/assets/bootstrap-tooltip.js?body=1" for 127.0.0.1 at 2014-03-21 10:20:27 -0500


Started GET "/assets/bootstrap-popover.js?body=1" for 127.0.0.1 at 2014-03-21 10:20:28 -0500


Started GET "/assets/bootstrap-typeahead.js?body=1" for 127.0.0.1 at 2014-03-21 10:20:28 -0500


Started GET "/assets/bootstrap.js?body=1" for 127.0.0.1 at 2014-03-21 10:20:28 -0500


Started GET "/assets/sessions.js?body=1" for 127.0.0.1 at 2014-03-21 10:20:28 -0500


Started GET "/assets/static_pages.js?body=1" for 127.0.0.1 at 2014-03-21 10:20:28 -0500


Started GET "/assets/users.js?body=1" for 127.0.0.1 at 2014-03-21 10:20:28 -0500


Started GET "/assets/application.js?body=1" for 127.0.0.1 at 2014-03-21 10:20:28 -0500


Started GET "/assets/rails.png" for 127.0.0.1 at 2014-03-21 10:20:28 -0500


Started GET "/signup" for 127.0.0.1 at 2014-03-21 10:20:42 -0500
Processing by UsersController#new as HTML
  Rendered shared/_error_messages.html.erb (2.2ms)
  Rendered users/new.html.erb within layouts/application (177.6ms)
  Rendered layouts/_shim.html.erb (0.3ms)
  [1m[36mUser Load (0.1ms)[0m  [1mSELECT "users".* FROM "users" WHERE "users"."remember_token" = '968bbfc7cf619c35f087731596364acea1a2c954' LIMIT 1[0m
  Rendered layouts/_header.html.erb (1.5ms)
  Rendered layouts/_footer.html.erb (0.5ms)
Completed 200 OK in 192ms (Views: 190.1ms | ActiveRecord: 0.3ms)


Started POST "/users" for 127.0.0.1 at 2014-03-21 10:20:56 -0500
Processing by UsersController#create as HTML
  Parameters: {"utf8"=>"✓", "authenticity_token"=>"V3ek97D7r5gVBvF+kx/mZ1/nHqWod6iu8s74fo8hzxU=", "user"=>{"name"=>"Kyle Merklein", "email"=>"kyle.merklein@gmail.com", "password"=>"[FILTERED]", "password_confirmation"=>"[FILTERED]"}, "commit"=>"Create my account"}
  [1m[35m (0.1ms)[0m  begin transaction
  [1m[36mUser Exists (0.2ms)[0m  [1mSELECT 1 AS one FROM "users" WHERE LOWER("users"."email") = LOWER('kyle.merklein@gmail.com') LIMIT 1[0m
Binary data inserted for `string` type on column `password_digest`
  [1m[35mSQL (2.8ms)[0m  INSERT INTO "users" ("created_at", "email", "name", "password_digest", "remember_token", "updated_at") VALUES (?, ?, ?, ?, ?, ?)  [["created_at", Fri, 21 Mar 2014 15:20:57 UTC +00:00], ["email", "kyle.merklein@gmail.com"], ["name", "Kyle Merklein"], ["password_digest", "$2a$10$lLWeR88kxrUbA6Glxzc3AeY9fZT11tUqKwLg7yAyJFKthqYitoNZi"], ["remember_token", "34948aea98c4c3d03ccdca60cc39b4474df4b355"], ["updated_at", Fri, 21 Mar 2014 15:20:57 UTC +00:00]]
  [1m[36m (8.6ms)[0m  [1mcommit transaction[0m
  [1m[35m (0.1ms)[0m  begin transaction
  [1m[36mSQL (0.5ms)[0m  [1mUPDATE "users" SET "remember_token" = ?, "updated_at" = ? WHERE "users"."id" = 1[0m  [["remember_token", "5483f28bd645cc6c6c93be02a232a2bcf76f3a3d"], ["updated_at", Fri, 21 Mar 2014 15:20:57 UTC +00:00]]
  [1m[35m (0.6ms)[0m  commit transaction
Redirected to http://localhost:3000/users/1
Completed 302 Found in 102ms (ActiveRecord: 12.9ms)


Started GET "/users/1" for 127.0.0.1 at 2014-03-21 10:20:57 -0500
Processing by UsersController#show as HTML
  Parameters: {"id"=>"1"}
  [1m[36mUser Load (0.2ms)[0m  [1mSELECT "users".* FROM "users" WHERE "users"."id" = ? LIMIT 1[0m  [["id", "1"]]
  [1m[35m (0.2ms)[0m  SELECT COUNT(*) FROM "users" INNER JOIN "relationships" ON "users"."id" = "relationships"."followed_id" WHERE "relationships"."follower_id" = ?  [["follower_id", 1]]
  [1m[36m (0.2ms)[0m  [1mSELECT COUNT(*) FROM "users" INNER JOIN "relationships" ON "users"."id" = "relationships"."follower_id" WHERE "relationships"."followed_id" = ?[0m  [["followed_id", 1]]
  Rendered shared/_stats.html.erb (41.2ms)
  [1m[35mUser Load (0.1ms)[0m  SELECT "users".* FROM "users" WHERE "users"."remember_token" = '5483f28bd645cc6c6c93be02a232a2bcf76f3a3d' LIMIT 1
  Rendered users/_follow_form.html.erb (0.5ms)
  [1m[36mMicropost Exists (0.1ms)[0m  [1mSELECT 1 AS one FROM "microposts" WHERE "microposts"."user_id" = ? ORDER BY created_at DESC LIMIT 1[0m  [["user_id", 1]]
  Rendered users/show.html.erb within layouts/application (46.8ms)
  Rendered layouts/_shim.html.erb (0.0ms)
  Rendered layouts/_header.html.erb (0.6ms)
  Rendered layouts/_footer.html.erb (0.1ms)
Completed 200 OK in 72ms (Views: 55.5ms | ActiveRecord: 1.2ms)


Started GET "/users" for 127.0.0.1 at 2014-03-21 10:21:03 -0500
Processing by UsersController#index as HTML
  [1m[35mUser Load (0.2ms)[0m  SELECT "users".* FROM "users" WHERE "users"."remember_token" = '5483f28bd645cc6c6c93be02a232a2bcf76f3a3d' LIMIT 1
  [1m[36m (0.3ms)[0m  [1mSELECT COUNT(*) FROM "users"[0m
  [1m[35mUser Load (0.2ms)[0m  SELECT "users".* FROM "users" LIMIT 30 OFFSET 0
  Rendered users/_user.html.erb (1.3ms)
  Rendered users/index.html.erb within layouts/application (8.2ms)
  Rendered layouts/_shim.html.erb (0.1ms)
  Rendered layouts/_header.html.erb (0.6ms)
  Rendered layouts/_footer.html.erb (0.1ms)
Completed 200 OK in 21ms (Views: 18.9ms | ActiveRecord: 0.7ms)


Started GET "/" for 127.0.0.1 at 2014-03-21 10:21:05 -0500
Processing by StaticPagesController#home as HTML
  [1m[36mUser Load (0.2ms)[0m  [1mSELECT "users".* FROM "users" WHERE "users"."remember_token" = '5483f28bd645cc6c6c93be02a232a2bcf76f3a3d' LIMIT 1[0m
  [1m[35m (0.2ms)[0m  SELECT COUNT(*) FROM "microposts" WHERE "microposts"."user_id" = ?  [["user_id", 1]]
  Rendered shared/_user_info.html.erb (3.2ms)
  [1m[36m (0.2ms)[0m  [1mSELECT COUNT(*) FROM "users" INNER JOIN "relationships" ON "users"."id" = "relationships"."followed_id" WHERE "relationships"."follower_id" = ?[0m  [["follower_id", 1]]
  [1m[35m (0.1ms)[0m  SELECT COUNT(*) FROM "users" INNER JOIN "relationships" ON "users"."id" = "relationships"."follower_id" WHERE "relationships"."followed_id" = ?  [["followed_id", 1]]
  Rendered shared/_stats.html.erb (3.7ms)
  Rendered shared/_error_messages.html.erb (0.0ms)
  Rendered shared/_micropost_form.html.erb (3.4ms)
  [1m[36m (0.2ms)[0m  [1mSELECT COUNT(*) FROM "microposts" WHERE (user_id IN (SELECT followed_id FROM relationships
 WHERE follower_id = 1) OR user_id = 1)[0m
  Rendered shared/_feed.html.erb (1.4ms)
  Rendered static_pages/home.html.erb within layouts/application (15.9ms)
  Rendered layouts/_shim.html.erb (0.1ms)
  Rendered layouts/_header.html.erb (0.6ms)
  Rendered layouts/_footer.html.erb (0.1ms)
Completed 200 OK in 36ms (Views: 26.4ms | ActiveRecord: 0.9ms)


Started POST "/microposts" for 127.0.0.1 at 2014-03-21 10:21:39 -0500
Processing by MicropostsController#create as HTML
  Parameters: {"utf8"=>"✓", "authenticity_token"=>"V3ek97D7r5gVBvF+kx/mZ1/nHqWod6iu8s74fo8hzxU=", "micropost"=>{"content"=>"This is the beginning of my experience with Project Bender.  Hopefully we can get it up and running soon."}, "commit"=>"Post"}
  [1m[35mUser Load (0.2ms)[0m  SELECT "users".* FROM "users" WHERE "users"."remember_token" = '5483f28bd645cc6c6c93be02a232a2bcf76f3a3d' LIMIT 1
  [1m[36m (0.1ms)[0m  [1mbegin transaction[0m
  [1m[35mSQL (0.4ms)[0m  INSERT INTO "microposts" ("content", "created_at", "updated_at", "user_id") VALUES (?, ?, ?, ?)  [["content", "This is the beginning of my experience with Project Bender.  Hopefully we can get it up and running soon."], ["created_at", Fri, 21 Mar 2014 15:21:39 UTC +00:00], ["updated_at", Fri, 21 Mar 2014 15:21:39 UTC +00:00], ["user_id", 1]]
  [1m[36m (0.7ms)[0m  [1mcommit transaction[0m
Redirected to http://localhost:3000/
Completed 302 Found in 9ms (ActiveRecord: 1.4ms)


Started GET "/" for 127.0.0.1 at 2014-03-21 10:21:39 -0500
Processing by StaticPagesController#home as HTML
  [1m[35mUser Load (0.2ms)[0m  SELECT "users".* FROM "users" WHERE "users"."remember_token" = '5483f28bd645cc6c6c93be02a232a2bcf76f3a3d' LIMIT 1
  [1m[36m (0.1ms)[0m  [1mSELECT COUNT(*) FROM "microposts" WHERE "microposts"."user_id" = ?[0m  [["user_id", 1]]
  Rendered shared/_user_info.html.erb (2.0ms)
  [1m[35m (0.1ms)[0m  SELECT COUNT(*) FROM "users" INNER JOIN "relationships" ON "users"."id" = "relationships"."followed_id" WHERE "relationships"."follower_id" = ?  [["follower_id", 1]]
  [1m[36m (0.1ms)[0m  [1mSELECT COUNT(*) FROM "users" INNER JOIN "relationships" ON "users"."id" = "relationships"."follower_id" WHERE "relationships"."followed_id" = ?[0m  [["followed_id", 1]]
  Rendered shared/_stats.html.erb (2.8ms)
  Rendered shared/_error_messages.html.erb (0.7ms)
  Rendered shared/_micropost_form.html.erb (4.7ms)
  [1m[35m (0.2ms)[0m  SELECT COUNT(*) FROM "microposts" WHERE (user_id IN (SELECT followed_id FROM relationships
 WHERE follower_id = 1) OR user_id = 1)
  [1m[36mMicropost Load (0.2ms)[0m  [1mSELECT "microposts".* FROM "microposts" WHERE (user_id IN (SELECT followed_id FROM relationships
 WHERE follower_id = 1) OR user_id = 1) ORDER BY created_at DESC LIMIT 30 OFFSET 0[0m
  [1m[35mUser Load (0.2ms)[0m  SELECT "users".* FROM "users" WHERE "users"."id" = ? ORDER BY "users"."id" ASC LIMIT 1  [["id", 1]]
  Rendered shared/_feed_item.html.erb (4.8ms)
  Rendered shared/_feed.html.erb (8.0ms)
  Rendered static_pages/home.html.erb within layouts/application (20.3ms)
  Rendered layouts/_shim.html.erb (0.1ms)
  Rendered layouts/_header.html.erb (0.9ms)
  Rendered layouts/_footer.html.erb (0.2ms)
Completed 200 OK in 35ms (Views: 31.1ms | ActiveRecord: 1.0ms)


Started GET "/users" for 127.0.0.1 at 2014-03-21 10:21:44 -0500
Processing by UsersController#index as HTML
  [1m[36mUser Load (0.2ms)[0m  [1mSELECT "users".* FROM "users" WHERE "users"."remember_token" = '5483f28bd645cc6c6c93be02a232a2bcf76f3a3d' LIMIT 1[0m
  [1m[35m (0.2ms)[0m  SELECT COUNT(*) FROM "users"
  [1m[36mUser Load (0.2ms)[0m  [1mSELECT "users".* FROM "users" LIMIT 30 OFFSET 0[0m
  Rendered users/_user.html.erb (0.8ms)
  Rendered users/index.html.erb within layouts/application (5.1ms)
  Rendered layouts/_shim.html.erb (0.0ms)
  Rendered layouts/_header.html.erb (0.5ms)
  Rendered layouts/_footer.html.erb (0.1ms)
Completed 200 OK in 20ms (Views: 17.7ms | ActiveRecord: 0.6ms)


Started GET "/users/1" for 127.0.0.1 at 2014-03-21 10:21:46 -0500
Processing by UsersController#show as HTML
  Parameters: {"id"=>"1"}
  [1m[35mUser Load (0.2ms)[0m  SELECT "users".* FROM "users" WHERE "users"."id" = ? LIMIT 1  [["id", "1"]]
  [1m[36m (0.2ms)[0m  [1mSELECT COUNT(*) FROM "users" INNER JOIN "relationships" ON "users"."id" = "relationships"."followed_id" WHERE "relationships"."follower_id" = ?[0m  [["follower_id", 1]]
  [1m[35m (0.1ms)[0m  SELECT COUNT(*) FROM "users" INNER JOIN "relationships" ON "users"."id" = "relationships"."follower_id" WHERE "relationships"."followed_id" = ?  [["followed_id", 1]]
  Rendered shared/_stats.html.erb (5.4ms)
  [1m[36mUser Load (0.2ms)[0m  [1mSELECT "users".* FROM "users" WHERE "users"."remember_token" = '5483f28bd645cc6c6c93be02a232a2bcf76f3a3d' LIMIT 1[0m
  Rendered users/_follow_form.html.erb (0.7ms)
  [1m[35mMicropost Exists (0.1ms)[0m  SELECT 1 AS one FROM "microposts" WHERE "microposts"."user_id" = ? ORDER BY created_at DESC LIMIT 1  [["user_id", 1]]
  [1m[36m (0.1ms)[0m  [1mSELECT COUNT(*) FROM "microposts" WHERE "microposts"."user_id" = ?[0m  [["user_id", 1]]
  [1m[35mMicropost Load (0.2ms)[0m  SELECT "microposts".* FROM "microposts" WHERE "microposts"."user_id" = ? ORDER BY created_at DESC LIMIT 30 OFFSET 0  [["user_id", 1]]
  [1m[36mUser Load (0.1ms)[0m  [1mSELECT "users".* FROM "users" WHERE "users"."id" = ? ORDER BY "users"."id" ASC LIMIT 1[0m  [["id", 1]]
  Rendered microposts/_micropost.html.erb (2.1ms)
  Rendered users/show.html.erb within layouts/application (15.8ms)
  Rendered layouts/_shim.html.erb (0.0ms)
  Rendered layouts/_header.html.erb (0.5ms)
  Rendered layouts/_footer.html.erb (0.1ms)
Completed 200 OK in 28ms (Views: 24.9ms | ActiveRecord: 1.2ms)


Started GET "/users/1/edit" for 127.0.0.1 at 2014-03-21 10:21:52 -0500
Processing by UsersController#edit as HTML
  Parameters: {"id"=>"1"}
  [1m[35mUser Load (0.4ms)[0m  SELECT "users".* FROM "users" WHERE "users"."remember_token" = '5483f28bd645cc6c6c93be02a232a2bcf76f3a3d' LIMIT 1
  [1m[36mUser Load (0.1ms)[0m  [1mSELECT "users".* FROM "users" WHERE "users"."id" = ? LIMIT 1[0m  [["id", "1"]]
  Rendered shared/_error_messages.html.erb (0.2ms)
  Rendered users/edit.html.erb within layouts/application (6.6ms)
  Rendered layouts/_shim.html.erb (0.1ms)
  Rendered layouts/_header.html.erb (34.8ms)
  Rendered layouts/_footer.html.erb (0.1ms)
Completed 200 OK in 59ms (Views: 56.8ms | ActiveRecord: 0.5ms)


Started GET "/" for 127.0.0.1 at 2014-03-21 10:21:55 -0500
Processing by StaticPagesController#home as HTML
  [1m[35mUser Load (0.3ms)[0m  SELECT "users".* FROM "users" WHERE "users"."remember_token" = '5483f28bd645cc6c6c93be02a232a2bcf76f3a3d' LIMIT 1
  [1m[36m (0.3ms)[0m  [1mSELECT COUNT(*) FROM "microposts" WHERE "microposts"."user_id" = ?[0m  [["user_id", 1]]
  Rendered shared/_user_info.html.erb (3.3ms)
  [1m[35m (0.2ms)[0m  SELECT COUNT(*) FROM "users" INNER JOIN "relationships" ON "users"."id" = "relationships"."followed_id" WHERE "relationships"."follower_id" = ?  [["follower_id", 1]]
  [1m[36m (0.1ms)[0m  [1mSELECT COUNT(*) FROM "users" INNER JOIN "relationships" ON "users"."id" = "relationships"."follower_id" WHERE "relationships"."followed_id" = ?[0m  [["followed_id", 1]]
  Rendered shared/_stats.html.erb (3.6ms)
  Rendered shared/_error_messages.html.erb (0.0ms)
  Rendered shared/_micropost_form.html.erb (1.8ms)
  [1m[35m (0.2ms)[0m  SELECT COUNT(*) FROM "microposts" WHERE (user_id IN (SELECT followed_id FROM relationships
 WHERE follower_id = 1) OR user_id = 1)
  [1m[36mMicropost Load (0.3ms)[0m  [1mSELECT "microposts".* FROM "microposts" WHERE (user_id IN (SELECT followed_id FROM relationships
 WHERE follower_id = 1) OR user_id = 1) ORDER BY created_at DESC LIMIT 30 OFFSET 0[0m
  [1m[35mUser Load (0.1ms)[0m  SELECT "users".* FROM "users" WHERE "users"."id" = ? ORDER BY "users"."id" ASC LIMIT 1  [["id", 1]]
  Rendered shared/_feed_item.html.erb (3.1ms)
  Rendered shared/_feed.html.erb (6.2ms)
  Rendered static_pages/home.html.erb within layouts/application (18.6ms)
  Rendered layouts/_shim.html.erb (0.0ms)
  Rendered layouts/_header.html.erb (1.0ms)
  Rendered layouts/_footer.html.erb (0.2ms)
Completed 200 OK in 34ms (Views: 29.7ms | ActiveRecord: 1.4ms)


Started GET "/users/1" for 127.0.0.1 at 2014-03-21 10:21:57 -0500
Processing by UsersController#show as HTML
  Parameters: {"id"=>"1"}
  [1m[36mUser Load (0.2ms)[0m  [1mSELECT "users".* FROM "users" WHERE "users"."id" = ? LIMIT 1[0m  [["id", "1"]]
  [1m[35m (0.3ms)[0m  SELECT COUNT(*) FROM "users" INNER JOIN "relationships" ON "users"."id" = "relationships"."followed_id" WHERE "relationships"."follower_id" = ?  [["follower_id", 1]]
  [1m[36m (0.1ms)[0m  [1mSELECT COUNT(*) FROM "users" INNER JOIN "relationships" ON "users"."id" = "relationships"."follower_id" WHERE "relationships"."followed_id" = ?[0m  [["followed_id", 1]]
  Rendered shared/_stats.html.erb (5.4ms)
  [1m[35mUser Load (0.2ms)[0m  SELECT "users".* FROM "users" WHERE "users"."remember_token" = '5483f28bd645cc6c6c93be02a232a2bcf76f3a3d' LIMIT 1
  Rendered users/_follow_form.html.erb (0.2ms)
  [1m[36mMicropost Exists (0.1ms)[0m  [1mSELECT 1 AS one FROM "microposts" WHERE "microposts"."user_id" = ? ORDER BY created_at DESC LIMIT 1[0m  [["user_id", 1]]
  [1m[35m (0.1ms)[0m  SELECT COUNT(*) FROM "microposts" WHERE "microposts"."user_id" = ?  [["user_id", 1]]
  [1m[36mMicropost Load (0.1ms)[0m  [1mSELECT "microposts".* FROM "microposts" WHERE "microposts"."user_id" = ? ORDER BY created_at DESC LIMIT 30 OFFSET 0[0m  [["user_id", 1]]
  [1m[35mUser Load (0.1ms)[0m  SELECT "users".* FROM "users" WHERE "users"."id" = ? ORDER BY "users"."id" ASC LIMIT 1  [["id", 1]]
  Rendered microposts/_micropost.html.erb (1.6ms)
  Rendered users/show.html.erb within layouts/application (13.8ms)
  Rendered layouts/_shim.html.erb (0.0ms)
  Rendered layouts/_header.html.erb (0.5ms)
  Rendered layouts/_footer.html.erb (0.1ms)
Completed 200 OK in 27ms (Views: 23.7ms | ActiveRecord: 1.3ms)
